#! /home/hlocal/bin/vvp
:ivl_version "0.9.4 " "(v0_9_4)";
:vpi_time_precision + 0;
:vpi_module "system";
:vpi_module "v2005_math";
:vpi_module "va_math";
S_0x258def0 .scope module, "stadd" "stadd" 2 2;
 .timescale 0 0;
L_0x2629780 .functor AND 1, v0x26194f0_0, L_0x2629650, C4<1>, C4<1>;
L_0x2629880 .functor AND 1, v0x26194f0_0, L_0x26297e0, C4<1>, C4<1>;
L_0x2629a20 .functor AND 1, v0x26194f0_0, L_0x2629980, C4<1>, C4<1>;
L_0x2629b70 .functor AND 1, v0x26194f0_0, L_0x2629ad0, C4<1>, C4<1>;
L_0x26296f0 .functor AND 1, v0x26194f0_0, L_0x2629c60, C4<1>, C4<1>;
L_0x2629f00 .functor AND 1, v0x26194f0_0, L_0x2629e60, C4<1>, C4<1>;
L_0x262a0a0 .functor AND 1, v0x26194f0_0, L_0x2629fb0, C4<1>, C4<1>;
L_0x262a1f0 .functor AND 1, v0x26194f0_0, L_0x262a150, C4<1>, C4<1>;
L_0x262a720 .functor AND 1, C4<z>, L_0x2628430, C4<1>, C4<1>;
L_0x262ac40 .functor AND 1, C4<z>, L_0x262ab00, C4<1>, C4<1>;
L_0x262e610 .functor OR 1, L_0x262e4d0, L_0x262e570, C4<0>, C4<0>;
L_0x262ebf0 .functor OR 1, L_0x262e610, L_0x262eb50, C4<0>, C4<0>;
L_0x262acf0 .functor OR 1, L_0x262ebf0, L_0x262ed60, C4<0>, C4<0>;
L_0x262ea00 .functor OR 1, L_0x262acf0, L_0x262e960, C4<0>, C4<0>;
L_0x262ee00 .functor OR 1, L_0x262ea00, L_0x262f050, C4<0>, C4<0>;
L_0x262efa0 .functor OR 1, L_0x262ee00, L_0x262ef00, C4<0>, C4<0>;
L_0x262f0f0 .functor OR 1, L_0x262efa0, L_0x262f430, C4<0>, C4<0>;
L_0x262f9a0 .functor OR 1, L_0x262f7d0, L_0x262f870, C4<0>, C4<0>;
L_0x262fff0 .functor OR 1, L_0x26302a0, L_0x262ff50, C4<0>, C4<0>;
L_0x2630140 .functor OR 1, L_0x262fff0, L_0x26300a0, C4<0>, C4<0>;
L_0x262fdb0 .functor OR 1, L_0x262fc70, L_0x262fd10, C4<0>, C4<0>;
L_0x2630770 .functor OR 1, L_0x262fdb0, L_0x26306d0, C4<0>, C4<0>;
L_0x2630c40 .functor OR 1, L_0x2630770, L_0x2630420, C4<0>, C4<0>;
L_0x26310b0 .functor OR 1, L_0x2630f70, L_0x2631010, C4<0>, C4<0>;
L_0x26311b0 .functor OR 1, L_0x26310b0, L_0x2630870, C4<0>, C4<0>;
L_0x2631310 .functor OR 1, L_0x26311b0, L_0x2631750, C4<0>, C4<0>;
L_0x2631620 .functor OR 1, L_0x2631310, L_0x26314f0, C4<0>, C4<0>;
L_0x262f910 .functor OR 1, L_0x2631a00, L_0x2631ec0, C4<0>, C4<0>;
L_0x2631bc0 .functor OR 1, L_0x262f910, L_0x2631410, C4<0>, C4<0>;
L_0x2631d60 .functor OR 1, L_0x2631bc0, L_0x2631cc0, C4<0>, C4<0>;
L_0x2631e60 .functor OR 1, L_0x2631d60, L_0x2632110, C4<0>, C4<0>;
L_0x2632380 .functor OR 1, L_0x2631e60, L_0x2632250, C4<0>, C4<0>;
L_0x26328d0 .functor OR 1, L_0x2632720, L_0x2632d80, C4<0>, C4<0>;
L_0x2630640 .functor OR 1, L_0x26328d0, L_0x2632e70, C4<0>, C4<0>;
L_0x26329d0 .functor OR 1, L_0x2630640, L_0x2632930, C4<0>, C4<0>;
L_0x2633380 .functor OR 1, L_0x26329d0, L_0x2632ca0, C4<0>, C4<0>;
L_0x2632b80 .functor OR 1, L_0x2633380, L_0x2632ae0, C4<0>, C4<0>;
L_0x2633020 .functor OR 1, L_0x2632b80, L_0x2633650, C4<0>, C4<0>;
v0x26117e0_0 .net *"_s101", 0 0, C4<0>; 1 drivers
v0x2611860_0 .net *"_s102", 4 0, C4<00110>; 1 drivers
v0x26118e0_0 .net *"_s104", 0 0, L_0x262c080; 1 drivers
v0x2611960_0 .net *"_s106", 20 0, L_0x262bf90; 1 drivers
v0x2611a10_0 .net *"_s108", 20 0, L_0x262c2c0; 1 drivers
v0x2611ab0_0 .net *"_s11", 0 0, L_0x2629980; 1 drivers
v0x2611b50_0 .net *"_s110", 20 0, L_0x262c470; 1 drivers
v0x2611bf0_0 .net *"_s112", 20 0, L_0x262c560; 1 drivers
v0x2611ce0_0 .net *"_s114", 20 0, L_0x262c720; 1 drivers
v0x2611d80_0 .net *"_s116", 20 0, L_0x262c810; 1 drivers
v0x2611e20_0 .net *"_s12", 0 0, L_0x2629a20; 1 drivers
v0x2611ec0_0 .net *"_s122", 4 0, L_0x262ccb0; 1 drivers
v0x2611f60_0 .net *"_s125", 0 0, C4<0>; 1 drivers
v0x2612000_0 .net *"_s126", 4 0, C4<00001>; 1 drivers
v0x2612120_0 .net *"_s128", 0 0, L_0x262cb70; 1 drivers
v0x26121c0_0 .net *"_s130", 4 0, L_0x262bcf0; 1 drivers
v0x2612080_0 .net *"_s133", 0 0, C4<0>; 1 drivers
v0x2612310_0 .net *"_s134", 4 0, C4<00010>; 1 drivers
v0x2612430_0 .net *"_s136", 0 0, L_0x262d050; 1 drivers
v0x26124b0_0 .net *"_s138", 4 0, L_0x262d190; 1 drivers
v0x2612390_0 .net *"_s141", 0 0, C4<0>; 1 drivers
v0x26125e0_0 .net *"_s142", 4 0, C4<00011>; 1 drivers
v0x2612530_0 .net *"_s144", 0 0, L_0x262bdd0; 1 drivers
v0x2612720_0 .net *"_s146", 4 0, L_0x262cdf0; 1 drivers
v0x2612680_0 .net *"_s149", 0 0, C4<0>; 1 drivers
v0x2612870_0 .net *"_s15", 0 0, L_0x2629ad0; 1 drivers
v0x26127c0_0 .net *"_s150", 4 0, C4<00100>; 1 drivers
v0x26129d0_0 .net *"_s152", 0 0, L_0x262d6a0; 1 drivers
v0x2612910_0 .net *"_s154", 4 0, L_0x262d7e0; 1 drivers
v0x2612b40_0 .net *"_s157", 0 0, C4<0>; 1 drivers
v0x2612a50_0 .net *"_s158", 4 0, C4<00101>; 1 drivers
v0x2612cc0_0 .net *"_s16", 0 0, L_0x2629b70; 1 drivers
v0x2612bc0_0 .net *"_s160", 0 0, L_0x262cf60; 1 drivers
v0x2612e50_0 .net *"_s162", 4 0, L_0x262d470; 1 drivers
v0x2612d40_0 .net *"_s165", 0 0, C4<0>; 1 drivers
v0x2612ff0_0 .net *"_s166", 4 0, C4<00110>; 1 drivers
v0x2612ed0_0 .net *"_s168", 0 0, L_0x262d5a0; 1 drivers
v0x2612f70_0 .net *"_s170", 20 0, L_0x262dc10; 1 drivers
v0x26131b0_0 .net *"_s172", 20 0, L_0x262df50; 1 drivers
v0x2613230_0 .net *"_s174", 20 0, L_0x262e0e0; 1 drivers
v0x2613070_0 .net *"_s176", 20 0, L_0x262dda0; 1 drivers
v0x2613110_0 .net *"_s178", 20 0, L_0x262e430; 1 drivers
v0x2613410_0 .net *"_s180", 20 0, L_0x262e270; 1 drivers
v0x2613490_0 .net *"_s183", 5 0, L_0x262e790; 1 drivers
v0x26132b0_0 .net *"_s185", 0 0, L_0x262e4d0; 1 drivers
v0x2613350_0 .net *"_s187", 0 0, L_0x262e570; 1 drivers
v0x2613690_0 .net *"_s188", 0 0, L_0x262e610; 1 drivers
v0x2613710_0 .net *"_s19", 0 0, L_0x2629c60; 1 drivers
v0x2613530_0 .net *"_s191", 0 0, L_0x262eb50; 1 drivers
v0x26135d0_0 .net *"_s192", 0 0, L_0x262ebf0; 1 drivers
v0x2613930_0 .net *"_s195", 0 0, L_0x262ed60; 1 drivers
v0x26139b0_0 .net *"_s196", 0 0, L_0x262acf0; 1 drivers
v0x26137b0_0 .net *"_s199", 0 0, L_0x262e960; 1 drivers
v0x2613850_0 .net *"_s20", 0 0, L_0x26296f0; 1 drivers
v0x2613bf0_0 .net *"_s200", 0 0, L_0x262ea00; 1 drivers
v0x2613c70_0 .net *"_s203", 0 0, L_0x262f050; 1 drivers
v0x2613a30_0 .net *"_s204", 0 0, L_0x262ee00; 1 drivers
v0x2613ad0_0 .net *"_s207", 0 0, L_0x262ef00; 1 drivers
v0x2613b70_0 .net *"_s208", 0 0, L_0x262efa0; 1 drivers
v0x2613ef0_0 .net *"_s211", 0 0, L_0x262f430; 1 drivers
v0x2613d10_0 .net *"_s214", 4 0, L_0x262f1f0; 1 drivers
v0x2613db0_0 .net *"_s217", 0 0, C4<0>; 1 drivers
v0x2613e50_0 .net *"_s218", 4 0, C4<00000>; 1 drivers
v0x2614190_0 .net *"_s220", 0 0, L_0x262d8c0; 1 drivers
v0x2613f90_0 .net *"_s223", 0 0, L_0x262da00; 1 drivers
v0x2614030_0 .net *"_s224", 4 0, L_0x262f4d0; 1 drivers
v0x26140d0_0 .net *"_s227", 0 0, C4<0>; 1 drivers
v0x2614430_0 .net *"_s228", 4 0, C4<00001>; 1 drivers
v0x2614230_0 .net *"_s23", 0 0, L_0x2629e60; 1 drivers
v0x26142d0_0 .net *"_s230", 0 0, L_0x262f600; 1 drivers
v0x2614370_0 .net *"_s233", 0 0, L_0x262f7d0; 1 drivers
v0x26146f0_0 .net *"_s235", 0 0, L_0x262f870; 1 drivers
v0x26144b0_0 .net *"_s236", 0 0, L_0x262f9a0; 1 drivers
v0x2614550_0 .net *"_s238", 4 0, L_0x262faf0; 1 drivers
v0x26145f0_0 .net *"_s24", 0 0, L_0x2629f00; 1 drivers
v0x26149d0_0 .net *"_s241", 0 0, C4<0>; 1 drivers
v0x2614770_0 .net *"_s242", 4 0, C4<00010>; 1 drivers
v0x2614810_0 .net *"_s244", 0 0, L_0x26301b0; 1 drivers
v0x26148b0_0 .net *"_s247", 0 0, L_0x26302a0; 1 drivers
v0x2614950_0 .net *"_s249", 0 0, L_0x262ff50; 1 drivers
v0x2614ce0_0 .net *"_s250", 0 0, L_0x262fff0; 1 drivers
v0x2614d60_0 .net *"_s253", 0 0, L_0x26300a0; 1 drivers
v0x2614a70_0 .net *"_s254", 0 0, L_0x2630140; 1 drivers
v0x2614b10_0 .net *"_s256", 4 0, L_0x262fa50; 1 drivers
v0x2614bb0_0 .net *"_s259", 0 0, C4<0>; 1 drivers
v0x2614c50_0 .net *"_s260", 4 0, C4<00011>; 1 drivers
v0x26150c0_0 .net *"_s262", 0 0, L_0x26305a0; 1 drivers
v0x2615160_0 .net *"_s265", 0 0, L_0x262fc70; 1 drivers
v0x2614e00_0 .net *"_s267", 0 0, L_0x262fd10; 1 drivers
v0x2614ea0_0 .net *"_s268", 0 0, L_0x262fdb0; 1 drivers
v0x2614f40_0 .net *"_s27", 0 0, L_0x2629fb0; 1 drivers
v0x2614fe0_0 .net *"_s271", 0 0, L_0x26306d0; 1 drivers
v0x26154d0_0 .net *"_s272", 0 0, L_0x2630770; 1 drivers
v0x2615550_0 .net *"_s275", 0 0, L_0x2630420; 1 drivers
v0x2615200_0 .net *"_s276", 0 0, L_0x2630c40; 1 drivers
v0x26152a0_0 .net *"_s278", 4 0, L_0x2630cf0; 1 drivers
v0x2615340_0 .net *"_s28", 0 0, L_0x262a0a0; 1 drivers
v0x26153e0_0 .net *"_s281", 0 0, C4<0>; 1 drivers
v0x26158f0_0 .net *"_s282", 4 0, C4<00100>; 1 drivers
v0x2615970_0 .net *"_s284", 0 0, L_0x2631220; 1 drivers
v0x26155d0_0 .net *"_s287", 0 0, L_0x2630f70; 1 drivers
v0x2615670_0 .net *"_s289", 0 0, L_0x2631010; 1 drivers
v0x2615710_0 .net *"_s290", 0 0, L_0x26310b0; 1 drivers
v0x26157b0_0 .net *"_s293", 0 0, L_0x2630870; 1 drivers
v0x2615850_0 .net *"_s294", 0 0, L_0x26311b0; 1 drivers
v0x2615d40_0 .net *"_s297", 0 0, L_0x2631750; 1 drivers
v0x2615a10_0 .net *"_s298", 0 0, L_0x2631310; 1 drivers
v0x2615ab0_0 .net *"_s3", 0 0, L_0x2629650; 1 drivers
v0x2615b50_0 .net *"_s301", 0 0, L_0x26314f0; 1 drivers
v0x2615bf0_0 .net *"_s302", 0 0, L_0x2631620; 1 drivers
v0x2615c90_0 .net *"_s304", 4 0, L_0x2631b20; 1 drivers
v0x2616140_0 .net *"_s307", 0 0, C4<0>; 1 drivers
v0x2615de0_0 .net *"_s308", 4 0, C4<00101>; 1 drivers
v0x2615e80_0 .net *"_s31", 0 0, L_0x262a150; 1 drivers
v0x2615f20_0 .net *"_s310", 0 0, L_0x26318c0; 1 drivers
v0x2615fc0_0 .net *"_s313", 0 0, L_0x2631a00; 1 drivers
v0x2616060_0 .net *"_s315", 0 0, L_0x2631ec0; 1 drivers
v0x2616570_0 .net *"_s316", 0 0, L_0x262f910; 1 drivers
v0x26161c0_0 .net *"_s319", 0 0, L_0x2631410; 1 drivers
v0x2616240_0 .net *"_s32", 0 0, L_0x262a1f0; 1 drivers
v0x26162e0_0 .net *"_s320", 0 0, L_0x2631bc0; 1 drivers
v0x2616380_0 .net *"_s323", 0 0, L_0x2631cc0; 1 drivers
v0x2616420_0 .net *"_s324", 0 0, L_0x2631d60; 1 drivers
v0x26164c0_0 .net *"_s327", 0 0, L_0x2632110; 1 drivers
v0x26169e0_0 .net *"_s328", 0 0, L_0x2631e60; 1 drivers
v0x2616a80_0 .net *"_s331", 0 0, L_0x2632250; 1 drivers
v0x26165f0_0 .net *"_s332", 0 0, L_0x2632380; 1 drivers
v0x2616690_0 .net *"_s334", 4 0, L_0x2632430; 1 drivers
v0x2616730_0 .net *"_s337", 0 0, C4<0>; 1 drivers
v0x26167d0_0 .net *"_s338", 4 0, C4<00110>; 1 drivers
v0x2616870_0 .net *"_s340", 0 0, L_0x2632630; 1 drivers
v0x2616910_0 .net *"_s343", 0 0, L_0x2632720; 1 drivers
v0x2616f30_0 .net *"_s345", 0 0, L_0x2632d80; 1 drivers
v0x2616fb0_0 .net *"_s346", 0 0, L_0x26328d0; 1 drivers
v0x2616b00_0 .net *"_s349", 0 0, L_0x2632e70; 1 drivers
v0x2616b80_0 .net *"_s350", 0 0, L_0x2630640; 1 drivers
v0x2616c20_0 .net *"_s353", 0 0, L_0x2632930; 1 drivers
v0x2616cc0_0 .net *"_s354", 0 0, L_0x26329d0; 1 drivers
v0x2616d60_0 .net *"_s357", 0 0, L_0x2632ca0; 1 drivers
v0x2616e00_0 .net *"_s358", 0 0, L_0x2633380; 1 drivers
v0x2616ea0_0 .net *"_s361", 0 0, L_0x2632ae0; 1 drivers
v0x26174a0_0 .net *"_s362", 0 0, L_0x2632b80; 1 drivers
v0x2617030_0 .net *"_s365", 0 0, L_0x2633650; 1 drivers
v0x26170d0_0 .net *"_s366", 0 0, L_0x2633020; 1 drivers
v0x2617170_0 .net *"_s368", 0 0, L_0x2633480; 1 drivers
v0x2617210_0 .net *"_s37", 3 0, L_0x262a780; 1 drivers
v0x26172b0_0 .net *"_s370", 0 0, L_0x26332b0; 1 drivers
v0x2617350_0 .net *"_s372", 0 0, L_0x2633bf0; 1 drivers
v0x26173f0_0 .net *"_s374", 0 0, L_0x2633d80; 1 drivers
v0x26179d0_0 .net *"_s376", 0 0, L_0x2633870; 1 drivers
v0x2617520_0 .net *"_s378", 0 0, L_0x2633a00; 1 drivers
v0x26175c0_0 .net *"_s38", 3 0, C4<0100>; 1 drivers
v0x2617660_0 .net *"_s4", 0 0, L_0x2629780; 1 drivers
v0x2617700_0 .net *"_s40", 0 0, L_0x2628430; 1 drivers
v0x26177a0_0 .net *"_s45", 3 0, L_0x262aa60; 1 drivers
v0x2617840_0 .net *"_s46", 3 0, C4<0100>; 1 drivers
v0x26178e0_0 .net *"_s48", 0 0, L_0x262ab00; 1 drivers
v0x2617f40_0 .net *"_s58", 4 0, L_0x262b100; 1 drivers
v0x2617a50_0 .net *"_s61", 0 0, C4<0>; 1 drivers
v0x2617ad0_0 .net *"_s62", 4 0, C4<00001>; 1 drivers
v0x2617b70_0 .net *"_s64", 0 0, L_0x262a820; 1 drivers
v0x2617c10_0 .net *"_s66", 4 0, L_0x262b060; 1 drivers
v0x2617cb0_0 .net *"_s69", 0 0, C4<0>; 1 drivers
v0x2617d50_0 .net *"_s7", 0 0, L_0x26297e0; 1 drivers
v0x2617df0_0 .net *"_s70", 4 0, C4<00010>; 1 drivers
v0x2617e90_0 .net *"_s72", 0 0, L_0x262b1e0; 1 drivers
v0x2618500_0 .net *"_s74", 4 0, L_0x262a960; 1 drivers
v0x2618580_0 .net *"_s77", 0 0, C4<0>; 1 drivers
v0x2617fc0_0 .net *"_s78", 4 0, C4<00011>; 1 drivers
v0x2618060_0 .net *"_s8", 0 0, L_0x2629880; 1 drivers
v0x2618100_0 .net *"_s80", 0 0, L_0x262b430; 1 drivers
v0x26181a0_0 .net *"_s82", 4 0, L_0x262b570; 1 drivers
v0x2618240_0 .net *"_s85", 0 0, C4<0>; 1 drivers
v0x26182e0_0 .net *"_s86", 4 0, C4<00100>; 1 drivers
v0x2618380_0 .net *"_s88", 0 0, L_0x262b790; 1 drivers
v0x2618420_0 .net *"_s90", 4 0, L_0x262b8d0; 1 drivers
v0x2618b90_0 .net *"_s93", 0 0, C4<0>; 1 drivers
v0x2618c10_0 .net *"_s94", 4 0, C4<00101>; 1 drivers
v0x2618600_0 .net *"_s96", 0 0, L_0x262ba80; 1 drivers
v0x26186a0_0 .net *"_s98", 4 0, L_0x262bbc0; 1 drivers
v0x2618740_0 .net "clk", 0 0, C4<z>; 0 drivers
v0x26187f0_0 .net "delay_r", 3 0, C4<zzzz>; 0 drivers
v0x2618870_0 .net "diff", 0 0, L_0x262ad50; 1 drivers
v0x2618910_0 .net "dmemwe", 7 0, L_0x262a3b0; 1 drivers
v0x26189b0_0 .var "dmode", 0 0;
v0x2618a50_0 .net "exa", 11 0, C4<zzzzzzzzzzzz>; 0 drivers
v0x2618af0_0 .net "exrd", 23 0, L_0x261b500; 1 drivers
v0x2619270_0 .net "exre", 0 0, C4<z>; 0 drivers
v0x2618c90_0 .net "exre_sttbl", 0 0, L_0x262a720; 1 drivers
v0x2618d40_0 .net "exwd", 23 0, C4<zzzzzzzzzzzzzzzzzzzzzzzz>; 0 drivers
v0x2618df0_0 .net "exwe", 0 0, C4<z>; 0 drivers
v0x2618e70_0 .net "exwe_sttbl", 0 0, L_0x262ac40; 1 drivers
v0x2618f20_0 .var "first", 3 0;
v0x2618fa0_0 .net "first_set", 0 0, C4<z>; 0 drivers
v0x2619020_0 .net "flag_1", 0 0, L_0x262adf0; 1 drivers
v0x26190a0_0 .net "flag_2", 0 0, L_0x262c9e0; 1 drivers
v0x2619140_0 .net "fpearray", 199 0, C4<zzzzzzzzzzzzzzzzzzzzzzzzzzzzzzzzzzzzzzzzzzzzzzzzzzzzzzzzzzzzzzzzzzzzzzzzzzzzzzzzzzzzzzzzzzzzzzzzzzzzzzzzzzzzzzzzzzzzzzzzzzzzzzzzzzzzzzzzzzzzzzzzzzzzzzzzzzzzzzzzzzzzzzzzzzzzzzzzzzzzzzzzzzzzzzzzzzzzzzzz>; 0 drivers
v0x26191e0_0 .net "func_1", 3 0, L_0x262af20; 1 drivers
v0x2619930_0 .net "func_2", 3 0, L_0x262ca80; 1 drivers
v0x26199b0_0 .net "func_r", 3 0, C4<zzzz>; 0 drivers
v0x2619310_0 .var "gather_r", 199 0;
v0x26193c0_0 .net "lock", 0 0, L_0x2634260; 1 drivers
v0x2619440_0 .net "map", 7 0, L_0x261ae90; 1 drivers
v0x26194f0_0 .var "memwe", 0 0;
v0x2619570_0 .var "pr0", 20 0;
v0x2619610_0 .var "pr1", 20 0;
v0x26196b0_0 .var "pr2", 20 0;
v0x2619750_0 .var "pr3", 20 0;
v0x26197f0_0 .var "pr4", 20 0;
v0x2619890_0 .var "pr5", 20 0;
v0x261a0d0_0 .var "pr6", 20 0;
v0x261a170_0 .var "pr7", 20 0;
v0x2619a50_0 .net "rd1_1", 15 0, L_0x262afc0; 1 drivers
v0x2619af0_0 .net "rd1_2", 0 0, L_0x262c8b0; 1 drivers
v0x2619b90_0 .net "rd1_r", 15 0, C4<zzzzzzzzzzzzzzzz>; 0 drivers
v0x2619c30_0 .var "rdst", 15 0;
v0x2619cd0_0 .net "rst_n", 0 0, C4<z>; 0 drivers
v0x2619d70_0 .net "st_add_op_r", 0 0, C4<z>; 0 drivers
v0x2619e10_0 .net "sttblout", 23 0, L_0x261ad40; 1 drivers
v0x2619ee0_0 .var "tblad", 3 0;
RS_0x7fc4c1292bc8/0/0 .resolv tri, L_0x261be90, L_0x261de10, L_0x261f670, L_0x26212b0;
RS_0x7fc4c1292bc8/0/4 .resolv tri, L_0x2622f50, L_0x26241d0, L_0x2625a00, L_0x2627670;
RS_0x7fc4c1292bc8 .resolv tri, RS_0x7fc4c1292bc8/0/0, RS_0x7fc4c1292bc8/0/4, C4<zzzzzzzzzzzzzzzzzzzzzzzzzzzzzzzzzzzzzzzzzzzzzzzzzzzzzzzzzzzzzzzzzzzzzzzzzzzzzzzzzzzzzzzzzzzzzzzzzzzzzzzzzzzzzzzzzzzzzzzzzzzzzzzzzzzzzzzzzzzzzzzzzzzzzzzzzzzzzzzzzzzzzzzzzzzzzzzzzzzzzzzzzzzzzzzzzzzzzzzz>, C4<zzzzzzzzzzzzzzzzzzzzzzzzzzzzzzzzzzzzzzzzzzzzzzzzzzzzzzzzzzzzzzzzzzzzzzzzzzzzzzzzzzzzzzzzzzzzzzzzzzzzzzzzzzzzzzzzzzzzzzzzzzzzzzzzzzzzzzzzzzzzzzzzzzzzzzzzzzzzzzzzzzzzzzzzzzzzzzzzzzzzzzzzzzzzzzzzzzzzzzzz>;
v0x2619f60_0 .net8 "todmem", 199 0, RS_0x7fc4c1292bc8; 8 drivers
v0x261a010_0 .net "working", 0 0, L_0x262f0f0; 1 drivers
E_0x25e60c0/0 .event negedge, v0x2619cd0_0;
E_0x25e60c0/1 .event posedge, v0x2610f10_0;
E_0x25e60c0 .event/or E_0x25e60c0/0, E_0x25e60c0/1;
L_0x261b720 .part C4<zzzzzzzzzzzz>, 0, 5;
L_0x2629650 .part L_0x261ae90, 7, 1;
L_0x26297e0 .part L_0x261ae90, 6, 1;
L_0x2629980 .part L_0x261ae90, 5, 1;
L_0x2629ad0 .part L_0x261ae90, 4, 1;
L_0x2629c60 .part L_0x261ae90, 3, 1;
L_0x2629e60 .part L_0x261ae90, 2, 1;
L_0x2629fb0 .part L_0x261ae90, 1, 1;
L_0x262a150 .part L_0x261ae90, 0, 1;
LS_0x262a3b0_0_0 .concat [ 1 1 1 1], L_0x262a1f0, L_0x262a0a0, L_0x2629f00, L_0x26296f0;
LS_0x262a3b0_0_4 .concat [ 1 1 1 1], L_0x2629b70, L_0x2629a20, L_0x2629880, L_0x2629780;
L_0x262a3b0 .concat [ 4 4 0 0], LS_0x262a3b0_0_0, LS_0x262a3b0_0_4;
L_0x262a780 .part C4<zzzzzzzzzzzz>, 8, 4;
L_0x2628430 .cmp/eq 4, L_0x262a780, C4<0100>;
L_0x262aa60 .part C4<zzzzzzzzzzzz>, 8, 4;
L_0x262ab00 .cmp/eq 4, L_0x262aa60, C4<0100>;
L_0x262ad50 .cmp/ne 200, v0x2619310_0, C4<zzzzzzzzzzzzzzzzzzzzzzzzzzzzzzzzzzzzzzzzzzzzzzzzzzzzzzzzzzzzzzzzzzzzzzzzzzzzzzzzzzzzzzzzzzzzzzzzzzzzzzzzzzzzzzzzzzzzzzzzzzzzzzzzzzzzzzzzzzzzzzzzzzzzzzzzzzzzzzzzzzzzzzzzzzzzzzzzzzzzzzzzzzzzzzzzzzzzzzzz>;
L_0x262adf0 .part L_0x262c810, 20, 1;
L_0x262af20 .part L_0x262c810, 16, 4;
L_0x262afc0 .part L_0x262c810, 0, 16;
L_0x262b100 .concat [ 4 1 0 0], v0x2618f20_0, C4<0>;
L_0x262a820 .cmp/eq 5, L_0x262b100, C4<00001>;
L_0x262b060 .concat [ 4 1 0 0], C4<zzzz>, C4<0>;
L_0x262b1e0 .cmp/eq 5, L_0x262b060, C4<00010>;
L_0x262a960 .concat [ 4 1 0 0], C4<zzzz>, C4<0>;
L_0x262b430 .cmp/eq 5, L_0x262a960, C4<00011>;
L_0x262b570 .concat [ 4 1 0 0], C4<zzzz>, C4<0>;
L_0x262b790 .cmp/eq 5, L_0x262b570, C4<00100>;
L_0x262b8d0 .concat [ 4 1 0 0], C4<zzzz>, C4<0>;
L_0x262ba80 .cmp/eq 5, L_0x262b8d0, C4<00101>;
L_0x262bbc0 .concat [ 4 1 0 0], C4<zzzz>, C4<0>;
L_0x262c080 .cmp/eq 5, L_0x262bbc0, C4<00110>;
L_0x262bf90 .functor MUXZ 21, v0x261a170_0, v0x261a0d0_0, L_0x262c080, C4<>;
L_0x262c2c0 .functor MUXZ 21, L_0x262bf90, v0x2619890_0, L_0x262ba80, C4<>;
L_0x262c470 .functor MUXZ 21, L_0x262c2c0, v0x26197f0_0, L_0x262b790, C4<>;
L_0x262c560 .functor MUXZ 21, L_0x262c470, v0x2619750_0, L_0x262b430, C4<>;
L_0x262c720 .functor MUXZ 21, L_0x262c560, v0x26196b0_0, L_0x262b1e0, C4<>;
L_0x262c810 .functor MUXZ 21, L_0x262c720, v0x2619610_0, L_0x262a820, C4<>;
L_0x262c9e0 .part L_0x262e790, 5, 1;
L_0x262ca80 .part L_0x262e790, 1, 4;
L_0x262c8b0 .part L_0x262e790, 0, 1;
L_0x262ccb0 .concat [ 4 1 0 0], C4<zzzz>, C4<0>;
L_0x262cb70 .cmp/eq 5, L_0x262ccb0, C4<00001>;
L_0x262bcf0 .concat [ 4 1 0 0], C4<zzzz>, C4<0>;
L_0x262d050 .cmp/eq 5, L_0x262bcf0, C4<00010>;
L_0x262d190 .concat [ 4 1 0 0], C4<zzzz>, C4<0>;
L_0x262bdd0 .cmp/eq 5, L_0x262d190, C4<00011>;
L_0x262cdf0 .concat [ 4 1 0 0], C4<zzzz>, C4<0>;
L_0x262d6a0 .cmp/eq 5, L_0x262cdf0, C4<00100>;
L_0x262d7e0 .concat [ 4 1 0 0], C4<zzzz>, C4<0>;
L_0x262cf60 .cmp/eq 5, L_0x262d7e0, C4<00101>;
L_0x262d470 .concat [ 4 1 0 0], C4<zzzz>, C4<0>;
L_0x262d5a0 .cmp/eq 5, L_0x262d470, C4<00110>;
L_0x262dc10 .functor MUXZ 21, v0x261a170_0, v0x261a0d0_0, L_0x262d5a0, C4<>;
L_0x262df50 .functor MUXZ 21, L_0x262dc10, v0x2619890_0, L_0x262cf60, C4<>;
L_0x262e0e0 .functor MUXZ 21, L_0x262df50, v0x26197f0_0, L_0x262d6a0, C4<>;
L_0x262dda0 .functor MUXZ 21, L_0x262e0e0, v0x2619750_0, L_0x262bdd0, C4<>;
L_0x262e430 .functor MUXZ 21, L_0x262dda0, v0x26196b0_0, L_0x262d050, C4<>;
L_0x262e270 .functor MUXZ 21, L_0x262e430, v0x2619610_0, L_0x262cb70, C4<>;
L_0x262e790 .part L_0x262e270, 0, 6;
L_0x262e4d0 .part v0x2619570_0, 20, 1;
L_0x262e570 .part v0x2619610_0, 20, 1;
L_0x262eb50 .part v0x26196b0_0, 20, 1;
L_0x262ed60 .part v0x2619750_0, 20, 1;
L_0x262e960 .part v0x26197f0_0, 20, 1;
L_0x262f050 .part v0x2619890_0, 20, 1;
L_0x262ef00 .part v0x261a0d0_0, 20, 1;
L_0x262f430 .part v0x261a170_0, 20, 1;
L_0x262f1f0 .concat [ 4 1 0 0], v0x2618f20_0, C4<0>;
L_0x262d8c0 .cmp/eq 5, L_0x262f1f0, C4<00000>;
L_0x262da00 .part v0x2619570_0, 20, 1;
L_0x262f4d0 .concat [ 4 1 0 0], v0x2618f20_0, C4<0>;
L_0x262f600 .cmp/eq 5, L_0x262f4d0, C4<00001>;
L_0x262f7d0 .part v0x2619570_0, 20, 1;
L_0x262f870 .part v0x2619610_0, 20, 1;
L_0x262faf0 .concat [ 4 1 0 0], v0x2618f20_0, C4<0>;
L_0x26301b0 .cmp/eq 5, L_0x262faf0, C4<00010>;
L_0x26302a0 .part v0x2619570_0, 20, 1;
L_0x262ff50 .part v0x2619610_0, 20, 1;
L_0x26300a0 .part v0x26196b0_0, 20, 1;
L_0x262fa50 .concat [ 4 1 0 0], v0x2618f20_0, C4<0>;
L_0x26305a0 .cmp/eq 5, L_0x262fa50, C4<00011>;
L_0x262fc70 .part v0x2619570_0, 20, 1;
L_0x262fd10 .part v0x2619610_0, 20, 1;
L_0x26306d0 .part v0x26196b0_0, 20, 1;
L_0x2630420 .part v0x2619750_0, 20, 1;
L_0x2630cf0 .concat [ 4 1 0 0], v0x2618f20_0, C4<0>;
L_0x2631220 .cmp/eq 5, L_0x2630cf0, C4<00100>;
L_0x2630f70 .part v0x2619570_0, 20, 1;
L_0x2631010 .part v0x2619610_0, 20, 1;
L_0x2630870 .part v0x26196b0_0, 20, 1;
L_0x2631750 .part v0x2619750_0, 20, 1;
L_0x26314f0 .part v0x26197f0_0, 20, 1;
L_0x2631b20 .concat [ 4 1 0 0], v0x2618f20_0, C4<0>;
L_0x26318c0 .cmp/eq 5, L_0x2631b20, C4<00101>;
L_0x2631a00 .part v0x2619570_0, 20, 1;
L_0x2631ec0 .part v0x2619610_0, 20, 1;
L_0x2631410 .part v0x26196b0_0, 20, 1;
L_0x2631cc0 .part v0x2619750_0, 20, 1;
L_0x2632110 .part v0x26197f0_0, 20, 1;
L_0x2632250 .part v0x2619890_0, 20, 1;
L_0x2632430 .concat [ 4 1 0 0], v0x2618f20_0, C4<0>;
L_0x2632630 .cmp/eq 5, L_0x2632430, C4<00110>;
L_0x2632720 .part v0x2619570_0, 20, 1;
L_0x2632d80 .part v0x2619610_0, 20, 1;
L_0x2632e70 .part v0x26196b0_0, 20, 1;
L_0x2632930 .part v0x2619750_0, 20, 1;
L_0x2632ca0 .part v0x26197f0_0, 20, 1;
L_0x2632ae0 .part v0x2619890_0, 20, 1;
L_0x2633650 .part v0x261a0d0_0, 20, 1;
L_0x2633480 .functor MUXZ 1, L_0x262f0f0, L_0x2633020, L_0x2632630, C4<>;
L_0x26332b0 .functor MUXZ 1, L_0x2633480, L_0x2632380, L_0x26318c0, C4<>;
L_0x2633bf0 .functor MUXZ 1, L_0x26332b0, L_0x2631620, L_0x2631220, C4<>;
L_0x2633d80 .functor MUXZ 1, L_0x2633bf0, L_0x2630c40, L_0x26305a0, C4<>;
L_0x2633870 .functor MUXZ 1, L_0x2633d80, L_0x2630140, L_0x26301b0, C4<>;
L_0x2633a00 .functor MUXZ 1, L_0x2633870, L_0x262f9a0, L_0x262f600, C4<>;
L_0x2634260 .functor MUXZ 1, L_0x2633a00, L_0x262da00, L_0x262d8c0, C4<>;
S_0x260fe00 .scope module, "sttbl_1" "ldtbl" 2 32, 3 2, S_0x258def0;
 .timescale 0 0;
L_0x261a8f0 .functor OR 1, L_0x262a720, L_0x262ac40, C4<0>, C4<0>;
L_0x261ad40 .functor BUFZ 24, L_0x261ac50, C4<000000000000000000000000>, C4<000000000000000000000000>, C4<000000000000000000000000>;
L_0x261ae90 .functor BUFZ 8, L_0x261adf0, C4<00000000>, C4<00000000>, C4<00000000>;
v0x260ff60_0 .net *"_s0", 0 0, L_0x261a8f0; 1 drivers
v0x2610020_0 .net *"_s10", 7 0, L_0x261adf0; 1 drivers
v0x26100c0_0 .net *"_s15", 0 0, L_0x261af90; 1 drivers
v0x2610160_0 .net *"_s16", 1 0, L_0x261b080; 1 drivers
v0x2610210_0 .net *"_s19", 0 0, C4<0>; 1 drivers
v0x26102b0_0 .net *"_s20", 1 0, C4<00>; 1 drivers
v0x2610390_0 .net *"_s22", 0 0, L_0x261b240; 1 drivers
v0x2610c90_0 .net *"_s24", 15 0, C4<0000000000000000>; 1 drivers
v0x2610d30_0 .net *"_s26", 23 0, L_0x261b3c0; 1 drivers
v0x2610dd0_0 .net *"_s3", 3 0, L_0x261a9f0; 1 drivers
v0x2610e70_0 .net *"_s6", 23 0, L_0x261ac50; 1 drivers
v0x2610f10_0 .alias "clk", 0 0, v0x2618740_0;
v0x2611020_0 .net "exa", 4 0, L_0x261b720; 1 drivers
v0x26110c0_0 .alias "exrd", 23 0, v0x2618af0_0;
v0x26111e0_0 .alias "exre", 0 0, v0x2618c90_0;
v0x2611280_0 .alias "exwd", 23 0, v0x2618d40_0;
v0x2611140_0 .alias "exwe", 0 0, v0x2618e70_0;
v0x26113d0_0 .net "func", 3 0, v0x2619ee0_0; 1 drivers
v0x26114f0 .array "ldtbl", 15 0, 23 0;
v0x2611570_0 .net "ldtblad", 3 0, L_0x261aa90; 1 drivers
v0x2611450_0 .alias "ldtblout", 23 0, v0x2619e10_0;
v0x26116a0 .array "map", 15 0, 7 0;
v0x26115f0_0 .alias "mapout", 7 0, v0x2619440_0;
E_0x260fef0 .event posedge, v0x2610f10_0;
L_0x261a9f0 .part L_0x261b720, 1, 4;
L_0x261aa90 .functor MUXZ 4, v0x2619ee0_0, L_0x261a9f0, L_0x261a8f0, C4<>;
L_0x261ac50 .array/port v0x26114f0, L_0x261aa90;
L_0x261adf0 .array/port v0x26116a0, L_0x261aa90;
L_0x261af90 .part L_0x261b720, 0, 1;
L_0x261b080 .concat [ 1 1 0 0], L_0x261af90, C4<0>;
L_0x261b240 .cmp/eq 2, L_0x261b080, C4<00>;
L_0x261b3c0 .concat [ 8 16 0 0], L_0x261ae90, C4<0000000000000000>;
L_0x261b500 .functor MUXZ 24, L_0x261b3c0, L_0x261ad40, L_0x261b240, C4<>;
S_0x25d18d0 .scope module, "dmanu8_st" "dmanu8" 2 36, 4 3, S_0x258def0;
 .timescale 0 0;
v0x258e2c0_0 .net *"_s101", 2 0, L_0x261e760; 1 drivers
v0x2606b30_0 .net *"_s102", 2 0, C4<100>; 1 drivers
v0x2606bd0_0 .net *"_s104", 0 0, L_0x261c820; 1 drivers
v0x2606c70_0 .net *"_s107", 2 0, L_0x261e620; 1 drivers
v0x2606d20_0 .net *"_s108", 2 0, C4<101>; 1 drivers
v0x2606dc0_0 .net *"_s110", 0 0, L_0x261ec00; 1 drivers
v0x2606ea0_0 .net *"_s113", 2 0, L_0x261ed40; 1 drivers
v0x2606f40_0 .net *"_s114", 2 0, C4<110>; 1 drivers
v0x2607030_0 .net *"_s116", 0 0, L_0x261eae0; 1 drivers
v0x26070d0_0 .net *"_s118", 24 0, L_0x261efa0; 1 drivers
v0x26071d0_0 .net *"_s120", 24 0, L_0x261ee30; 1 drivers
v0x2607270_0 .net *"_s122", 24 0, L_0x261f210; 1 drivers
v0x2607380_0 .net *"_s124", 24 0, L_0x261f0e0; 1 drivers
v0x2607420_0 .net *"_s126", 24 0, L_0x261f4e0; 1 drivers
v0x2607540_0 .net *"_s128", 24 0, L_0x261f350; 1 drivers
v0x26075e0_0 .net *"_s130", 24 0, L_0x261f770; 1 drivers
v0x26074a0_0 .net *"_s135", 2 0, L_0x261fa50; 1 drivers
v0x2607730_0 .net *"_s136", 2 0, C4<000>; 1 drivers
v0x2607850_0 .net *"_s138", 0 0, L_0x261f8b0; 1 drivers
v0x26078d0_0 .net *"_s141", 2 0, L_0x261fcb0; 1 drivers
v0x26077b0_0 .net *"_s142", 2 0, C4<001>; 1 drivers
v0x2607a00_0 .net *"_s144", 0 0, L_0x261faf0; 1 drivers
v0x2607950_0 .net *"_s147", 2 0, L_0x261ff20; 1 drivers
v0x2607b40_0 .net *"_s148", 2 0, C4<010>; 1 drivers
v0x2607aa0_0 .net *"_s150", 0 0, L_0x261f810; 1 drivers
v0x2607c90_0 .net *"_s153", 2 0, L_0x26201a0; 1 drivers
v0x2607be0_0 .net *"_s154", 2 0, C4<011>; 1 drivers
v0x2607df0_0 .net *"_s156", 0 0, L_0x261ffc0; 1 drivers
v0x2607d30_0 .net *"_s159", 2 0, L_0x2620100; 1 drivers
v0x2607f60_0 .net *"_s160", 2 0, C4<100>; 1 drivers
v0x2607e70_0 .net *"_s162", 0 0, L_0x261fd50; 1 drivers
v0x26080e0_0 .net *"_s165", 2 0, L_0x26205a0; 1 drivers
v0x2607fe0_0 .net *"_s166", 2 0, C4<101>; 1 drivers
v0x2608270_0 .net *"_s168", 0 0, L_0x2620300; 1 drivers
v0x2608160_0 .net *"_s171", 2 0, L_0x2620440; 1 drivers
v0x2608410_0 .net *"_s172", 2 0, C4<110>; 1 drivers
v0x26082f0_0 .net *"_s174", 0 0, L_0x2620240; 1 drivers
v0x2608390_0 .net *"_s176", 24 0, L_0x2620a10; 1 drivers
v0x26085d0_0 .net *"_s178", 24 0, L_0x26207b0; 1 drivers
v0x2608650_0 .net *"_s180", 24 0, L_0x2620d70; 1 drivers
v0x2608490_0 .net *"_s182", 24 0, L_0x2620b90; 1 drivers
v0x2608530_0 .net *"_s184", 24 0, L_0x26210e0; 1 drivers
v0x2608830_0 .net *"_s186", 24 0, L_0x2620ea0; 1 drivers
v0x26088b0_0 .net *"_s188", 24 0, L_0x26213d0; 1 drivers
v0x26086d0_0 .net *"_s19", 2 0, L_0x261bf30; 1 drivers
v0x2608770_0 .net *"_s193", 2 0, L_0x26216d0; 1 drivers
v0x2608ab0_0 .net *"_s194", 2 0, C4<000>; 1 drivers
v0x2608b30_0 .net *"_s196", 0 0, L_0x2621470; 1 drivers
v0x2608950_0 .net *"_s199", 2 0, L_0x2621560; 1 drivers
v0x26089f0_0 .net *"_s20", 2 0, C4<000>; 1 drivers
v0x2608d50_0 .net *"_s200", 2 0, C4<001>; 1 drivers
v0x2608dd0_0 .net *"_s202", 0 0, L_0x2621600; 1 drivers
v0x2608bd0_0 .net *"_s205", 2 0, L_0x2621ad0; 1 drivers
v0x2608c70_0 .net *"_s206", 2 0, C4<010>; 1 drivers
v0x2609010_0 .net *"_s208", 0 0, L_0x2621890; 1 drivers
v0x2609090_0 .net *"_s211", 2 0, L_0x26219d0; 1 drivers
v0x2608e50_0 .net *"_s212", 2 0, C4<011>; 1 drivers
v0x2608ef0_0 .net *"_s214", 0 0, L_0x26217b0; 1 drivers
v0x2608f90_0 .net *"_s217", 2 0, L_0x2621fa0; 1 drivers
v0x2609310_0 .net *"_s218", 2 0, C4<100>; 1 drivers
v0x2609130_0 .net *"_s22", 0 0, L_0x261c0c0; 1 drivers
v0x26091d0_0 .net *"_s220", 0 0, L_0x2621c60; 1 drivers
v0x2609270_0 .net *"_s223", 2 0, L_0x2621da0; 1 drivers
v0x26095b0_0 .net *"_s224", 2 0, C4<101>; 1 drivers
v0x26093b0_0 .net *"_s226", 0 0, L_0x2621b70; 1 drivers
v0x2609450_0 .net *"_s229", 2 0, L_0x2622400; 1 drivers
v0x26094f0_0 .net *"_s230", 2 0, C4<110>; 1 drivers
v0x2609850_0 .net *"_s232", 0 0, L_0x261e900; 1 drivers
v0x2609650_0 .net *"_s234", 24 0, L_0x261bfd0; 1 drivers
v0x26096f0_0 .net *"_s236", 24 0, L_0x2622040; 1 drivers
v0x2609790_0 .net *"_s238", 24 0, L_0x2622180; 1 drivers
v0x2609b10_0 .net *"_s240", 24 0, L_0x26222c0; 1 drivers
v0x26098d0_0 .net *"_s242", 24 0, L_0x2622ba0; 1 drivers
v0x2609970_0 .net *"_s244", 24 0, L_0x26228b0; 1 drivers
v0x2609a10_0 .net *"_s246", 24 0, L_0x26229f0; 1 drivers
v0x2609df0_0 .net *"_s25", 2 0, L_0x261c1e0; 1 drivers
v0x2609b90_0 .net *"_s251", 2 0, L_0x2622ff0; 1 drivers
v0x2609c30_0 .net *"_s252", 2 0, C4<000>; 1 drivers
v0x2609cd0_0 .net *"_s254", 0 0, L_0x2622d50; 1 drivers
v0x2609d70_0 .net *"_s257", 2 0, L_0x2622e90; 1 drivers
v0x260a100_0 .net *"_s258", 2 0, C4<001>; 1 drivers
v0x260a180_0 .net *"_s26", 2 0, C4<001>; 1 drivers
v0x2609e90_0 .net *"_s260", 0 0, L_0x261e800; 1 drivers
v0x2609f30_0 .net *"_s263", 2 0, L_0x26233c0; 1 drivers
v0x2609fd0_0 .net *"_s264", 2 0, C4<010>; 1 drivers
v0x260a070_0 .net *"_s266", 0 0, L_0x26231b0; 1 drivers
v0x260a4e0_0 .net *"_s269", 2 0, L_0x26232f0; 1 drivers
v0x260a580_0 .net *"_s270", 2 0, C4<011>; 1 drivers
v0x260a220_0 .net *"_s272", 0 0, L_0x2622c40; 1 drivers
v0x260a2c0_0 .net *"_s275", 2 0, L_0x26237b0; 1 drivers
v0x260a360_0 .net *"_s276", 2 0, C4<100>; 1 drivers
v0x260a400_0 .net *"_s278", 0 0, L_0x2623590; 1 drivers
v0x260a8f0_0 .net *"_s28", 0 0, L_0x261c330; 1 drivers
v0x260a970_0 .net *"_s281", 2 0, L_0x26236d0; 1 drivers
v0x260a620_0 .net *"_s282", 2 0, C4<101>; 1 drivers
v0x260a6c0_0 .net *"_s284", 0 0, L_0x2623090; 1 drivers
v0x260a760_0 .net *"_s287", 2 0, L_0x2623bc0; 1 drivers
v0x260a800_0 .net *"_s288", 2 0, C4<110>; 1 drivers
v0x260ad10_0 .net *"_s290", 0 0, L_0x2623990; 1 drivers
v0x260ad90_0 .net *"_s292", 24 0, L_0x2623ad0; 1 drivers
v0x260a9f0_0 .net *"_s294", 24 0, L_0x2623460; 1 drivers
v0x260aa90_0 .net *"_s296", 24 0, L_0x2624040; 1 drivers
v0x260ab30_0 .net *"_s298", 24 0, L_0x2623d00; 1 drivers
v0x260abd0_0 .net *"_s300", 24 0, L_0x2623e40; 1 drivers
v0x260ac70_0 .net *"_s302", 24 0, L_0x2624490; 1 drivers
v0x260b160_0 .net *"_s304", 24 0, L_0x2624580; 1 drivers
v0x260ae30_0 .net *"_s309", 2 0, L_0x2624270; 1 drivers
v0x260aed0_0 .net *"_s31", 2 0, L_0x261c4a0; 1 drivers
v0x260af70_0 .net *"_s310", 2 0, C4<000>; 1 drivers
v0x260b010_0 .net *"_s312", 0 0, L_0x2624310; 1 drivers
v0x260b0b0_0 .net *"_s315", 2 0, L_0x26249f0; 1 drivers
v0x260b560_0 .net *"_s316", 2 0, C4<001>; 1 drivers
v0x260b200_0 .net *"_s318", 0 0, L_0x2624770; 1 drivers
v0x260b2a0_0 .net *"_s32", 2 0, C4<010>; 1 drivers
v0x260b340_0 .net *"_s321", 2 0, L_0x26248b0; 1 drivers
v0x260b3e0_0 .net *"_s322", 2 0, C4<010>; 1 drivers
v0x260b480_0 .net *"_s324", 0 0, L_0x2624950; 1 drivers
v0x260b990_0 .net *"_s327", 2 0, L_0x26238f0; 1 drivers
v0x260b5e0_0 .net *"_s328", 2 0, C4<011>; 1 drivers
v0x260b660_0 .net *"_s330", 0 0, L_0x2624620; 1 drivers
v0x260b700_0 .net *"_s333", 2 0, L_0x2625030; 1 drivers
v0x260b7a0_0 .net *"_s334", 2 0, C4<100>; 1 drivers
v0x260b840_0 .net *"_s336", 0 0, L_0x2624a90; 1 drivers
v0x260b8e0_0 .net *"_s339", 2 0, L_0x2624bd0; 1 drivers
v0x260be00_0 .net *"_s34", 0 0, L_0x261c640; 1 drivers
v0x260bea0_0 .net *"_s340", 2 0, C4<101>; 1 drivers
v0x260ba10_0 .net *"_s342", 0 0, L_0x2624de0; 1 drivers
v0x260bab0_0 .net *"_s345", 2 0, L_0x2624ed0; 1 drivers
v0x260bb50_0 .net *"_s346", 2 0, C4<110>; 1 drivers
v0x260bbf0_0 .net *"_s348", 0 0, L_0x2625500; 1 drivers
v0x260bc90_0 .net *"_s350", 24 0, L_0x26255f0; 1 drivers
v0x260bd30_0 .net *"_s352", 24 0, L_0x2625120; 1 drivers
v0x260c350_0 .net *"_s354", 24 0, L_0x2625260; 1 drivers
v0x260c3d0_0 .net *"_s356", 24 0, L_0x26253a0; 1 drivers
v0x260bf20_0 .net *"_s358", 24 0, L_0x2625ae0; 1 drivers
v0x260bfa0_0 .net *"_s360", 24 0, L_0x2625730; 1 drivers
v0x260c040_0 .net *"_s362", 24 0, L_0x2625870; 1 drivers
v0x260c0e0_0 .net *"_s367", 2 0, L_0x261f9a0; 1 drivers
v0x260c180_0 .net *"_s368", 2 0, C4<000>; 1 drivers
v0x260c220_0 .net *"_s37", 2 0, L_0x261c780; 1 drivers
v0x260c2c0_0 .net *"_s370", 0 0, L_0x2625d00; 1 drivers
v0x260c8c0_0 .net *"_s373", 2 0, L_0x2625e40; 1 drivers
v0x260c450_0 .net *"_s374", 2 0, C4<001>; 1 drivers
v0x260c4f0_0 .net *"_s376", 0 0, L_0x2625f20; 1 drivers
v0x260c590_0 .net *"_s379", 2 0, L_0x2624d10; 1 drivers
v0x260c630_0 .net *"_s38", 2 0, C4<011>; 1 drivers
v0x260c6d0_0 .net *"_s380", 2 0, C4<010>; 1 drivers
v0x260c770_0 .net *"_s382", 0 0, L_0x2625b80; 1 drivers
v0x260c810_0 .net *"_s385", 2 0, L_0x2626770; 1 drivers
v0x260cdf0_0 .net *"_s386", 2 0, C4<011>; 1 drivers
v0x260c940_0 .net *"_s388", 0 0, L_0x2626100; 1 drivers
v0x260c9e0_0 .net *"_s391", 2 0, L_0x2626240; 1 drivers
v0x260ca80_0 .net *"_s392", 2 0, C4<100>; 1 drivers
v0x260cb20_0 .net *"_s394", 0 0, L_0x26264c0; 1 drivers
v0x260cbc0_0 .net *"_s397", 2 0, L_0x2626630; 1 drivers
v0x260cc60_0 .net *"_s398", 2 0, C4<101>; 1 drivers
v0x260cd00_0 .net *"_s40", 0 0, L_0x261c970; 1 drivers
v0x260d360_0 .net *"_s400", 0 0, L_0x26266d0; 1 drivers
v0x260ce70_0 .net *"_s403", 2 0, L_0x2626d80; 1 drivers
v0x260cef0_0 .net *"_s404", 2 0, C4<110>; 1 drivers
v0x260cf90_0 .net *"_s406", 0 0, L_0x26269c0; 1 drivers
v0x260d030_0 .net *"_s408", 24 0, L_0x2626b00; 1 drivers
v0x260d0d0_0 .net *"_s410", 24 0, L_0x2626bf0; 1 drivers
v0x260d170_0 .net *"_s412", 24 0, L_0x2627420; 1 drivers
v0x260d210_0 .net *"_s414", 24 0, L_0x2626f80; 1 drivers
v0x260d2b0_0 .net *"_s416", 24 0, L_0x2621020; 1 drivers
v0x260d920_0 .net *"_s418", 24 0, L_0x2627220; 1 drivers
v0x260d9a0_0 .net *"_s420", 24 0, L_0x2627bf0; 1 drivers
v0x260d3e0_0 .net *"_s425", 2 0, L_0x2627710; 1 drivers
v0x260d480_0 .net *"_s426", 2 0, C4<000>; 1 drivers
v0x260d520_0 .net *"_s428", 0 0, L_0x26277b0; 1 drivers
v0x260d5c0_0 .net *"_s43", 2 0, L_0x261cae0; 1 drivers
v0x260d660_0 .net *"_s431", 2 0, L_0x26278f0; 1 drivers
v0x260d700_0 .net *"_s432", 2 0, C4<001>; 1 drivers
v0x260d7a0_0 .net *"_s434", 0 0, L_0x2626810; 1 drivers
v0x260d840_0 .net *"_s437", 2 0, L_0x2628390; 1 drivers
v0x260dfb0_0 .net *"_s438", 2 0, C4<010>; 1 drivers
v0x260e030_0 .net *"_s44", 2 0, C4<100>; 1 drivers
v0x260da20_0 .net *"_s440", 0 0, L_0x2627e50; 1 drivers
v0x260dac0_0 .net *"_s443", 2 0, L_0x2627f90; 1 drivers
v0x260db60_0 .net *"_s444", 2 0, C4<011>; 1 drivers
v0x260dc00_0 .net *"_s446", 0 0, L_0x2628200; 1 drivers
v0x260dca0_0 .net *"_s449", 2 0, L_0x2627c90; 1 drivers
v0x260dd40_0 .net *"_s450", 2 0, C4<100>; 1 drivers
v0x260dde0_0 .net *"_s452", 0 0, L_0x2627d30; 1 drivers
v0x260de80_0 .net *"_s455", 2 0, L_0x26289a0; 1 drivers
v0x260df20_0 .net *"_s456", 2 0, C4<101>; 1 drivers
v0x260e690_0 .net *"_s458", 0 0, L_0x2628610; 1 drivers
v0x260e0b0_0 .net *"_s46", 0 0, L_0x261cc20; 1 drivers
v0x260e150_0 .net *"_s461", 2 0, L_0x2628750; 1 drivers
v0x260e1f0_0 .net *"_s462", 2 0, C4<110>; 1 drivers
v0x260e290_0 .net *"_s464", 0 0, L_0x2628830; 1 drivers
v0x260e330_0 .net *"_s466", 24 0, L_0x2628030; 1 drivers
v0x260e3d0_0 .net *"_s468", 24 0, L_0x2628120; 1 drivers
v0x260e470_0 .net *"_s470", 24 0, L_0x2628fe0; 1 drivers
v0x260e510_0 .net *"_s472", 24 0, L_0x2628a90; 1 drivers
v0x260e5b0_0 .net *"_s474", 24 0, L_0x2628bd0; 1 drivers
v0x260ed40_0 .net *"_s476", 24 0, L_0x2628d10; 1 drivers
v0x260e710_0 .net *"_s478", 24 0, L_0x2628e50; 1 drivers
v0x260e7b0_0 .net *"_s49", 2 0, L_0x261cd90; 1 drivers
v0x260e850_0 .net *"_s50", 2 0, C4<101>; 1 drivers
v0x260e8f0_0 .net *"_s52", 0 0, L_0x261cb80; 1 drivers
v0x260e990_0 .net *"_s55", 2 0, L_0x261cfb0; 1 drivers
v0x260ea30_0 .net *"_s56", 2 0, C4<110>; 1 drivers
v0x260ead0_0 .net *"_s58", 0 0, L_0x261d110; 1 drivers
v0x260eb70_0 .net *"_s60", 24 0, L_0x261d200; 1 drivers
v0x260ec10_0 .net *"_s62", 24 0, L_0x261d3c0; 1 drivers
v0x260ecb0_0 .net *"_s64", 24 0, L_0x261d550; 1 drivers
v0x260f450_0 .net *"_s66", 24 0, L_0x261d720; 1 drivers
v0x260f4d0_0 .net *"_s68", 24 0, L_0x261d8b0; 1 drivers
v0x260ede0_0 .net *"_s70", 24 0, L_0x261da90; 1 drivers
v0x260ee80_0 .net *"_s72", 24 0, L_0x261dc20; 1 drivers
v0x260ef20_0 .net *"_s77", 2 0, L_0x261deb0; 1 drivers
v0x260efc0_0 .net *"_s78", 2 0, C4<000>; 1 drivers
v0x260f060_0 .net *"_s80", 0 0, L_0x261dcc0; 1 drivers
v0x260f100_0 .net *"_s83", 2 0, L_0x261e0b0; 1 drivers
v0x260f1a0_0 .net *"_s84", 2 0, C4<001>; 1 drivers
v0x260f240_0 .net *"_s86", 0 0, L_0x261df50; 1 drivers
v0x260f2e0_0 .net *"_s89", 2 0, L_0x261e2c0; 1 drivers
v0x260f380_0 .net *"_s90", 2 0, C4<010>; 1 drivers
v0x260fc40_0 .net *"_s92", 0 0, L_0x261e190; 1 drivers
v0x260fcc0_0 .net *"_s95", 2 0, L_0x261e530; 1 drivers
v0x260f570_0 .net *"_s96", 2 0, C4<011>; 1 drivers
v0x260f610_0 .net *"_s98", 0 0, L_0x261e360; 1 drivers
v0x260f6b0_0 .net "i0", 24 0, L_0x261b7c0; 1 drivers
v0x260f750_0 .net "i1", 24 0, L_0x261b860; 1 drivers
v0x260f7f0_0 .net "i2", 24 0, L_0x261b900; 1 drivers
v0x260f890_0 .net "i3", 24 0, L_0x261ba30; 1 drivers
v0x260f930_0 .net "i4", 24 0, L_0x261bad0; 1 drivers
v0x260f9d0_0 .net "i5", 24 0, L_0x261bb70; 1 drivers
v0x260fa70_0 .net "i6", 24 0, L_0x261bc40; 1 drivers
v0x260fb10_0 .net "i7", 24 0, L_0x261bdf0; 1 drivers
v0x260fbb0_0 .net "indata", 199 0, v0x2619310_0; 1 drivers
v0x26104b0_0 .alias "outdata", 199 0, v0x2619f60_0;
v0x260fd60_0 .alias "seltbl", 23 0, v0x2619e10_0;
L_0x261b7c0 .part v0x2619310_0, 0, 25;
L_0x261b860 .part v0x2619310_0, 25, 25;
L_0x261b900 .part v0x2619310_0, 50, 25;
L_0x261ba30 .part v0x2619310_0, 75, 25;
L_0x261bad0 .part v0x2619310_0, 100, 25;
L_0x261bb70 .part v0x2619310_0, 125, 25;
L_0x261bc40 .part v0x2619310_0, 150, 25;
L_0x261bdf0 .part v0x2619310_0, 175, 25;
L_0x261be90 .part/pv L_0x261dc20, 0, 25, 200;
L_0x261bf30 .part L_0x261ad40, 0, 3;
L_0x261c0c0 .cmp/eq 3, L_0x261bf30, C4<000>;
L_0x261c1e0 .part L_0x261ad40, 0, 3;
L_0x261c330 .cmp/eq 3, L_0x261c1e0, C4<001>;
L_0x261c4a0 .part L_0x261ad40, 0, 3;
L_0x261c640 .cmp/eq 3, L_0x261c4a0, C4<010>;
L_0x261c780 .part L_0x261ad40, 0, 3;
L_0x261c970 .cmp/eq 3, L_0x261c780, C4<011>;
L_0x261cae0 .part L_0x261ad40, 0, 3;
L_0x261cc20 .cmp/eq 3, L_0x261cae0, C4<100>;
L_0x261cd90 .part L_0x261ad40, 0, 3;
L_0x261cb80 .cmp/eq 3, L_0x261cd90, C4<101>;
L_0x261cfb0 .part L_0x261ad40, 0, 3;
L_0x261d110 .cmp/eq 3, L_0x261cfb0, C4<110>;
L_0x261d200 .functor MUXZ 25, L_0x261bdf0, L_0x261bc40, L_0x261d110, C4<>;
L_0x261d3c0 .functor MUXZ 25, L_0x261d200, L_0x261bb70, L_0x261cb80, C4<>;
L_0x261d550 .functor MUXZ 25, L_0x261d3c0, L_0x261bad0, L_0x261cc20, C4<>;
L_0x261d720 .functor MUXZ 25, L_0x261d550, L_0x261ba30, L_0x261c970, C4<>;
L_0x261d8b0 .functor MUXZ 25, L_0x261d720, L_0x261b900, L_0x261c640, C4<>;
L_0x261da90 .functor MUXZ 25, L_0x261d8b0, L_0x261b860, L_0x261c330, C4<>;
L_0x261dc20 .functor MUXZ 25, L_0x261da90, L_0x261b7c0, L_0x261c0c0, C4<>;
L_0x261de10 .part/pv L_0x261f770, 25, 25, 200;
L_0x261deb0 .part L_0x261ad40, 3, 3;
L_0x261dcc0 .cmp/eq 3, L_0x261deb0, C4<000>;
L_0x261e0b0 .part L_0x261ad40, 3, 3;
L_0x261df50 .cmp/eq 3, L_0x261e0b0, C4<001>;
L_0x261e2c0 .part L_0x261ad40, 3, 3;
L_0x261e190 .cmp/eq 3, L_0x261e2c0, C4<010>;
L_0x261e530 .part L_0x261ad40, 3, 3;
L_0x261e360 .cmp/eq 3, L_0x261e530, C4<011>;
L_0x261e760 .part L_0x261ad40, 3, 3;
L_0x261c820 .cmp/eq 3, L_0x261e760, C4<100>;
L_0x261e620 .part L_0x261ad40, 3, 3;
L_0x261ec00 .cmp/eq 3, L_0x261e620, C4<101>;
L_0x261ed40 .part L_0x261ad40, 3, 3;
L_0x261eae0 .cmp/eq 3, L_0x261ed40, C4<110>;
L_0x261efa0 .functor MUXZ 25, L_0x261bdf0, L_0x261bc40, L_0x261eae0, C4<>;
L_0x261ee30 .functor MUXZ 25, L_0x261efa0, L_0x261bb70, L_0x261ec00, C4<>;
L_0x261f210 .functor MUXZ 25, L_0x261ee30, L_0x261bad0, L_0x261c820, C4<>;
L_0x261f0e0 .functor MUXZ 25, L_0x261f210, L_0x261ba30, L_0x261e360, C4<>;
L_0x261f4e0 .functor MUXZ 25, L_0x261f0e0, L_0x261b900, L_0x261e190, C4<>;
L_0x261f350 .functor MUXZ 25, L_0x261f4e0, L_0x261b860, L_0x261df50, C4<>;
L_0x261f770 .functor MUXZ 25, L_0x261f350, L_0x261b7c0, L_0x261dcc0, C4<>;
L_0x261f670 .part/pv L_0x26213d0, 50, 25, 200;
L_0x261fa50 .part L_0x261ad40, 6, 3;
L_0x261f8b0 .cmp/eq 3, L_0x261fa50, C4<000>;
L_0x261fcb0 .part L_0x261ad40, 6, 3;
L_0x261faf0 .cmp/eq 3, L_0x261fcb0, C4<001>;
L_0x261ff20 .part L_0x261ad40, 6, 3;
L_0x261f810 .cmp/eq 3, L_0x261ff20, C4<010>;
L_0x26201a0 .part L_0x261ad40, 6, 3;
L_0x261ffc0 .cmp/eq 3, L_0x26201a0, C4<011>;
L_0x2620100 .part L_0x261ad40, 6, 3;
L_0x261fd50 .cmp/eq 3, L_0x2620100, C4<100>;
L_0x26205a0 .part L_0x261ad40, 6, 3;
L_0x2620300 .cmp/eq 3, L_0x26205a0, C4<101>;
L_0x2620440 .part L_0x261ad40, 6, 3;
L_0x2620240 .cmp/eq 3, L_0x2620440, C4<110>;
L_0x2620a10 .functor MUXZ 25, L_0x261bdf0, L_0x261bc40, L_0x2620240, C4<>;
L_0x26207b0 .functor MUXZ 25, L_0x2620a10, L_0x261bb70, L_0x2620300, C4<>;
L_0x2620d70 .functor MUXZ 25, L_0x26207b0, L_0x261bad0, L_0x261fd50, C4<>;
L_0x2620b90 .functor MUXZ 25, L_0x2620d70, L_0x261ba30, L_0x261ffc0, C4<>;
L_0x26210e0 .functor MUXZ 25, L_0x2620b90, L_0x261b900, L_0x261f810, C4<>;
L_0x2620ea0 .functor MUXZ 25, L_0x26210e0, L_0x261b860, L_0x261faf0, C4<>;
L_0x26213d0 .functor MUXZ 25, L_0x2620ea0, L_0x261b7c0, L_0x261f8b0, C4<>;
L_0x26212b0 .part/pv L_0x26229f0, 75, 25, 200;
L_0x26216d0 .part L_0x261ad40, 9, 3;
L_0x2621470 .cmp/eq 3, L_0x26216d0, C4<000>;
L_0x2621560 .part L_0x261ad40, 9, 3;
L_0x2621600 .cmp/eq 3, L_0x2621560, C4<001>;
L_0x2621ad0 .part L_0x261ad40, 9, 3;
L_0x2621890 .cmp/eq 3, L_0x2621ad0, C4<010>;
L_0x26219d0 .part L_0x261ad40, 9, 3;
L_0x26217b0 .cmp/eq 3, L_0x26219d0, C4<011>;
L_0x2621fa0 .part L_0x261ad40, 9, 3;
L_0x2621c60 .cmp/eq 3, L_0x2621fa0, C4<100>;
L_0x2621da0 .part L_0x261ad40, 9, 3;
L_0x2621b70 .cmp/eq 3, L_0x2621da0, C4<101>;
L_0x2622400 .part L_0x261ad40, 9, 3;
L_0x261e900 .cmp/eq 3, L_0x2622400, C4<110>;
L_0x261bfd0 .functor MUXZ 25, L_0x261bdf0, L_0x261bc40, L_0x261e900, C4<>;
L_0x2622040 .functor MUXZ 25, L_0x261bfd0, L_0x261bb70, L_0x2621b70, C4<>;
L_0x2622180 .functor MUXZ 25, L_0x2622040, L_0x261bad0, L_0x2621c60, C4<>;
L_0x26222c0 .functor MUXZ 25, L_0x2622180, L_0x261ba30, L_0x26217b0, C4<>;
L_0x2622ba0 .functor MUXZ 25, L_0x26222c0, L_0x261b900, L_0x2621890, C4<>;
L_0x26228b0 .functor MUXZ 25, L_0x2622ba0, L_0x261b860, L_0x2621600, C4<>;
L_0x26229f0 .functor MUXZ 25, L_0x26228b0, L_0x261b7c0, L_0x2621470, C4<>;
L_0x2622f50 .part/pv L_0x2624580, 100, 25, 200;
L_0x2622ff0 .part L_0x261ad40, 12, 3;
L_0x2622d50 .cmp/eq 3, L_0x2622ff0, C4<000>;
L_0x2622e90 .part L_0x261ad40, 12, 3;
L_0x261e800 .cmp/eq 3, L_0x2622e90, C4<001>;
L_0x26233c0 .part L_0x261ad40, 12, 3;
L_0x26231b0 .cmp/eq 3, L_0x26233c0, C4<010>;
L_0x26232f0 .part L_0x261ad40, 12, 3;
L_0x2622c40 .cmp/eq 3, L_0x26232f0, C4<011>;
L_0x26237b0 .part L_0x261ad40, 12, 3;
L_0x2623590 .cmp/eq 3, L_0x26237b0, C4<100>;
L_0x26236d0 .part L_0x261ad40, 12, 3;
L_0x2623090 .cmp/eq 3, L_0x26236d0, C4<101>;
L_0x2623bc0 .part L_0x261ad40, 12, 3;
L_0x2623990 .cmp/eq 3, L_0x2623bc0, C4<110>;
L_0x2623ad0 .functor MUXZ 25, L_0x261bdf0, L_0x261bc40, L_0x2623990, C4<>;
L_0x2623460 .functor MUXZ 25, L_0x2623ad0, L_0x261bb70, L_0x2623090, C4<>;
L_0x2624040 .functor MUXZ 25, L_0x2623460, L_0x261bad0, L_0x2623590, C4<>;
L_0x2623d00 .functor MUXZ 25, L_0x2624040, L_0x261ba30, L_0x2622c40, C4<>;
L_0x2623e40 .functor MUXZ 25, L_0x2623d00, L_0x261b900, L_0x26231b0, C4<>;
L_0x2624490 .functor MUXZ 25, L_0x2623e40, L_0x261b860, L_0x261e800, C4<>;
L_0x2624580 .functor MUXZ 25, L_0x2624490, L_0x261b7c0, L_0x2622d50, C4<>;
L_0x26241d0 .part/pv L_0x2625870, 125, 25, 200;
L_0x2624270 .part L_0x261ad40, 15, 3;
L_0x2624310 .cmp/eq 3, L_0x2624270, C4<000>;
L_0x26249f0 .part L_0x261ad40, 15, 3;
L_0x2624770 .cmp/eq 3, L_0x26249f0, C4<001>;
L_0x26248b0 .part L_0x261ad40, 15, 3;
L_0x2624950 .cmp/eq 3, L_0x26248b0, C4<010>;
L_0x26238f0 .part L_0x261ad40, 15, 3;
L_0x2624620 .cmp/eq 3, L_0x26238f0, C4<011>;
L_0x2625030 .part L_0x261ad40, 15, 3;
L_0x2624a90 .cmp/eq 3, L_0x2625030, C4<100>;
L_0x2624bd0 .part L_0x261ad40, 15, 3;
L_0x2624de0 .cmp/eq 3, L_0x2624bd0, C4<101>;
L_0x2624ed0 .part L_0x261ad40, 15, 3;
L_0x2625500 .cmp/eq 3, L_0x2624ed0, C4<110>;
L_0x26255f0 .functor MUXZ 25, L_0x261bdf0, L_0x261bc40, L_0x2625500, C4<>;
L_0x2625120 .functor MUXZ 25, L_0x26255f0, L_0x261bb70, L_0x2624de0, C4<>;
L_0x2625260 .functor MUXZ 25, L_0x2625120, L_0x261bad0, L_0x2624a90, C4<>;
L_0x26253a0 .functor MUXZ 25, L_0x2625260, L_0x261ba30, L_0x2624620, C4<>;
L_0x2625ae0 .functor MUXZ 25, L_0x26253a0, L_0x261b900, L_0x2624950, C4<>;
L_0x2625730 .functor MUXZ 25, L_0x2625ae0, L_0x261b860, L_0x2624770, C4<>;
L_0x2625870 .functor MUXZ 25, L_0x2625730, L_0x261b7c0, L_0x2624310, C4<>;
L_0x2625a00 .part/pv L_0x2627bf0, 150, 25, 200;
L_0x261f9a0 .part L_0x261ad40, 18, 3;
L_0x2625d00 .cmp/eq 3, L_0x261f9a0, C4<000>;
L_0x2625e40 .part L_0x261ad40, 18, 3;
L_0x2625f20 .cmp/eq 3, L_0x2625e40, C4<001>;
L_0x2624d10 .part L_0x261ad40, 18, 3;
L_0x2625b80 .cmp/eq 3, L_0x2624d10, C4<010>;
L_0x2626770 .part L_0x261ad40, 18, 3;
L_0x2626100 .cmp/eq 3, L_0x2626770, C4<011>;
L_0x2626240 .part L_0x261ad40, 18, 3;
L_0x26264c0 .cmp/eq 3, L_0x2626240, C4<100>;
L_0x2626630 .part L_0x261ad40, 18, 3;
L_0x26266d0 .cmp/eq 3, L_0x2626630, C4<101>;
L_0x2626d80 .part L_0x261ad40, 18, 3;
L_0x26269c0 .cmp/eq 3, L_0x2626d80, C4<110>;
L_0x2626b00 .functor MUXZ 25, L_0x261bdf0, L_0x261bc40, L_0x26269c0, C4<>;
L_0x2626bf0 .functor MUXZ 25, L_0x2626b00, L_0x261bb70, L_0x26266d0, C4<>;
L_0x2627420 .functor MUXZ 25, L_0x2626bf0, L_0x261bad0, L_0x26264c0, C4<>;
L_0x2626f80 .functor MUXZ 25, L_0x2627420, L_0x261ba30, L_0x2626100, C4<>;
L_0x2621020 .functor MUXZ 25, L_0x2626f80, L_0x261b900, L_0x2625b80, C4<>;
L_0x2627220 .functor MUXZ 25, L_0x2621020, L_0x261b860, L_0x2625f20, C4<>;
L_0x2627bf0 .functor MUXZ 25, L_0x2627220, L_0x261b7c0, L_0x2625d00, C4<>;
L_0x2627670 .part/pv L_0x2628e50, 175, 25, 200;
L_0x2627710 .part L_0x261ad40, 21, 3;
L_0x26277b0 .cmp/eq 3, L_0x2627710, C4<000>;
L_0x26278f0 .part L_0x261ad40, 21, 3;
L_0x2626810 .cmp/eq 3, L_0x26278f0, C4<001>;
L_0x2628390 .part L_0x261ad40, 21, 3;
L_0x2627e50 .cmp/eq 3, L_0x2628390, C4<010>;
L_0x2627f90 .part L_0x261ad40, 21, 3;
L_0x2628200 .cmp/eq 3, L_0x2627f90, C4<011>;
L_0x2627c90 .part L_0x261ad40, 21, 3;
L_0x2627d30 .cmp/eq 3, L_0x2627c90, C4<100>;
L_0x26289a0 .part L_0x261ad40, 21, 3;
L_0x2628610 .cmp/eq 3, L_0x26289a0, C4<101>;
L_0x2628750 .part L_0x261ad40, 21, 3;
L_0x2628830 .cmp/eq 3, L_0x2628750, C4<110>;
L_0x2628030 .functor MUXZ 25, L_0x261bdf0, L_0x261bc40, L_0x2628830, C4<>;
L_0x2628120 .functor MUXZ 25, L_0x2628030, L_0x261bb70, L_0x2628610, C4<>;
L_0x2628fe0 .functor MUXZ 25, L_0x2628120, L_0x261bad0, L_0x2627d30, C4<>;
L_0x2628a90 .functor MUXZ 25, L_0x2628fe0, L_0x261ba30, L_0x2628200, C4<>;
L_0x2628bd0 .functor MUXZ 25, L_0x2628a90, L_0x261b900, L_0x2627e50, C4<>;
L_0x2628d10 .functor MUXZ 25, L_0x2628bd0, L_0x261b860, L_0x2626810, C4<>;
L_0x2628e50 .functor MUXZ 25, L_0x2628d10, L_0x261b7c0, L_0x26277b0, C4<>;
    .scope S_0x260fe00;
T_0 ;
    %wait E_0x260fef0;
    %load/v 8, v0x2611140_0, 1;
    %load/v 9, v0x2611020_0, 1; Select 1 out of 5 bits
    %mov 10, 0, 1;
    %cmpi/u 9, 0, 2;
    %mov 9, 4, 1;
    %and 8, 9, 1;
    %jmp/0xz  T_0.0, 8;
    %load/v 8, v0x2611280_0, 24;
    %ix/getv 3, v0x2611570_0;
    %jmp/1 t_0, 4;
    %ix/load 0, 24, 0; word width
    %ix/load 1, 0, 0; part off
    %assign/av v0x26114f0, 0, 8;
t_0 ;
    %jmp T_0.1;
T_0.0 ;
    %load/v 8, v0x2611140_0, 1;
    %load/v 9, v0x2611020_0, 1; Select 1 out of 5 bits
    %mov 10, 0, 2;
    %cmpi/u 9, 1, 3;
    %mov 9, 4, 1;
    %and 8, 9, 1;
    %jmp/0xz  T_0.2, 8;
    %load/v 8, v0x2611280_0, 8; Only need 8 of 24 bits
; Save base=8 wid=8 in lookaside.
    %ix/getv 3, v0x2611570_0;
    %jmp/1 t_1, 4;
    %ix/load 0, 8, 0; word width
    %ix/load 1, 0, 0; part off
    %assign/av v0x26116a0, 0, 8;
t_1 ;
T_0.2 ;
T_0.1 ;
    %jmp T_0;
    .thread T_0;
    .scope S_0x258def0;
T_1 ;
    %wait E_0x25e60c0;
    %load/v 8, v0x2619cd0_0, 1;
    %inv 8, 1;
    %jmp/0xz  T_1.0, 8;
    %ix/load 0, 21, 0;
    %assign/v0 v0x2619570_0, 0, 0;
    %jmp T_1.1;
T_1.0 ;
    %load/v 8, v0x2619d70_0, 1;
    %jmp/0xz  T_1.2, 8;
    %load/v 8, v0x2619b90_0, 16;
    %load/v 24, v0x26199b0_0, 4;
    %mov 28, 1, 1;
    %ix/load 0, 21, 0;
    %assign/v0 v0x2619570_0, 0, 8;
    %jmp T_1.3;
T_1.2 ;
    %ix/load 0, 21, 0;
    %assign/v0 v0x2619570_0, 0, 0;
T_1.3 ;
    %load/v 8, v0x26187f0_0, 4;
    %cmpi/u 8, 1, 4;
    %jmp/1 T_1.4, 6;
    %cmpi/u 8, 2, 4;
    %jmp/1 T_1.5, 6;
    %cmpi/u 8, 3, 4;
    %jmp/1 T_1.6, 6;
    %cmpi/u 8, 4, 4;
    %jmp/1 T_1.7, 6;
    %cmpi/u 8, 5, 4;
    %jmp/1 T_1.8, 6;
    %cmpi/u 8, 6, 4;
    %jmp/1 T_1.9, 6;
    %load/v 8, v0x2619570_0, 21;
    %ix/load 0, 21, 0;
    %assign/v0 v0x2619610_0, 0, 8;
    %load/v 8, v0x2619610_0, 21;
    %ix/load 0, 21, 0;
    %assign/v0 v0x26196b0_0, 0, 8;
    %load/v 8, v0x26196b0_0, 21;
    %ix/load 0, 21, 0;
    %assign/v0 v0x2619750_0, 0, 8;
    %load/v 8, v0x2619750_0, 21;
    %ix/load 0, 21, 0;
    %assign/v0 v0x26197f0_0, 0, 8;
    %load/v 8, v0x26197f0_0, 21;
    %ix/load 0, 21, 0;
    %assign/v0 v0x2619890_0, 0, 8;
    %load/v 8, v0x2619890_0, 21;
    %ix/load 0, 21, 0;
    %assign/v0 v0x261a0d0_0, 0, 8;
    %load/v 8, v0x261a0d0_0, 21;
    %ix/load 0, 21, 0;
    %assign/v0 v0x261a170_0, 0, 8;
    %jmp T_1.11;
T_1.4 ;
    %load/v 8, v0x2619570_0, 21;
    %ix/load 0, 21, 0;
    %assign/v0 v0x2619610_0, 0, 8;
    %ix/load 0, 21, 0;
    %assign/v0 v0x26196b0_0, 0, 0;
    %load/v 8, v0x26196b0_0, 21;
    %ix/load 0, 21, 0;
    %assign/v0 v0x2619750_0, 0, 8;
    %load/v 8, v0x2619750_0, 21;
    %ix/load 0, 21, 0;
    %assign/v0 v0x26197f0_0, 0, 8;
    %load/v 8, v0x26197f0_0, 21;
    %ix/load 0, 21, 0;
    %assign/v0 v0x2619890_0, 0, 8;
    %load/v 8, v0x2619890_0, 21;
    %ix/load 0, 21, 0;
    %assign/v0 v0x261a0d0_0, 0, 8;
    %load/v 8, v0x261a0d0_0, 21;
    %ix/load 0, 21, 0;
    %assign/v0 v0x261a170_0, 0, 8;
    %jmp T_1.11;
T_1.5 ;
    %load/v 8, v0x2619570_0, 21;
    %ix/load 0, 21, 0;
    %assign/v0 v0x2619610_0, 0, 8;
    %load/v 8, v0x2619610_0, 21;
    %ix/load 0, 21, 0;
    %assign/v0 v0x26196b0_0, 0, 8;
    %ix/load 0, 21, 0;
    %assign/v0 v0x2619750_0, 0, 0;
    %load/v 8, v0x2619750_0, 21;
    %ix/load 0, 21, 0;
    %assign/v0 v0x26197f0_0, 0, 8;
    %load/v 8, v0x26197f0_0, 21;
    %ix/load 0, 21, 0;
    %assign/v0 v0x2619890_0, 0, 8;
    %load/v 8, v0x2619890_0, 21;
    %ix/load 0, 21, 0;
    %assign/v0 v0x261a0d0_0, 0, 8;
    %load/v 8, v0x261a0d0_0, 21;
    %ix/load 0, 21, 0;
    %assign/v0 v0x261a170_0, 0, 8;
    %jmp T_1.11;
T_1.6 ;
    %load/v 8, v0x2619570_0, 21;
    %ix/load 0, 21, 0;
    %assign/v0 v0x2619610_0, 0, 8;
    %load/v 8, v0x2619610_0, 21;
    %ix/load 0, 21, 0;
    %assign/v0 v0x26196b0_0, 0, 8;
    %load/v 8, v0x26196b0_0, 21;
    %ix/load 0, 21, 0;
    %assign/v0 v0x2619750_0, 0, 8;
    %ix/load 0, 21, 0;
    %assign/v0 v0x26197f0_0, 0, 0;
    %load/v 8, v0x26197f0_0, 21;
    %ix/load 0, 21, 0;
    %assign/v0 v0x2619890_0, 0, 8;
    %load/v 8, v0x2619890_0, 21;
    %ix/load 0, 21, 0;
    %assign/v0 v0x261a0d0_0, 0, 8;
    %load/v 8, v0x261a0d0_0, 21;
    %ix/load 0, 21, 0;
    %assign/v0 v0x261a170_0, 0, 8;
    %jmp T_1.11;
T_1.7 ;
    %load/v 8, v0x2619570_0, 21;
    %ix/load 0, 21, 0;
    %assign/v0 v0x2619610_0, 0, 8;
    %load/v 8, v0x2619610_0, 21;
    %ix/load 0, 21, 0;
    %assign/v0 v0x26196b0_0, 0, 8;
    %load/v 8, v0x26196b0_0, 21;
    %ix/load 0, 21, 0;
    %assign/v0 v0x2619750_0, 0, 8;
    %load/v 8, v0x2619750_0, 21;
    %ix/load 0, 21, 0;
    %assign/v0 v0x26197f0_0, 0, 8;
    %ix/load 0, 21, 0;
    %assign/v0 v0x2619890_0, 0, 0;
    %load/v 8, v0x2619890_0, 21;
    %ix/load 0, 21, 0;
    %assign/v0 v0x261a0d0_0, 0, 8;
    %load/v 8, v0x261a0d0_0, 21;
    %ix/load 0, 21, 0;
    %assign/v0 v0x261a170_0, 0, 8;
    %jmp T_1.11;
T_1.8 ;
    %load/v 8, v0x2619570_0, 21;
    %ix/load 0, 21, 0;
    %assign/v0 v0x2619610_0, 0, 8;
    %load/v 8, v0x2619610_0, 21;
    %ix/load 0, 21, 0;
    %assign/v0 v0x26196b0_0, 0, 8;
    %load/v 8, v0x26196b0_0, 21;
    %ix/load 0, 21, 0;
    %assign/v0 v0x2619750_0, 0, 8;
    %load/v 8, v0x2619750_0, 21;
    %ix/load 0, 21, 0;
    %assign/v0 v0x26197f0_0, 0, 8;
    %load/v 8, v0x26197f0_0, 21;
    %ix/load 0, 21, 0;
    %assign/v0 v0x2619890_0, 0, 8;
    %ix/load 0, 21, 0;
    %assign/v0 v0x261a0d0_0, 0, 0;
    %load/v 8, v0x261a0d0_0, 21;
    %ix/load 0, 21, 0;
    %assign/v0 v0x261a170_0, 0, 8;
    %jmp T_1.11;
T_1.9 ;
    %load/v 8, v0x2619570_0, 21;
    %ix/load 0, 21, 0;
    %assign/v0 v0x2619610_0, 0, 8;
    %load/v 8, v0x2619610_0, 21;
    %ix/load 0, 21, 0;
    %assign/v0 v0x26196b0_0, 0, 8;
    %load/v 8, v0x26196b0_0, 21;
    %ix/load 0, 21, 0;
    %assign/v0 v0x2619750_0, 0, 8;
    %load/v 8, v0x2619750_0, 21;
    %ix/load 0, 21, 0;
    %assign/v0 v0x26197f0_0, 0, 8;
    %load/v 8, v0x26197f0_0, 21;
    %ix/load 0, 21, 0;
    %assign/v0 v0x2619890_0, 0, 8;
    %load/v 8, v0x2619890_0, 21;
    %ix/load 0, 21, 0;
    %assign/v0 v0x261a0d0_0, 0, 8;
    %ix/load 0, 21, 0;
    %assign/v0 v0x261a170_0, 0, 0;
    %jmp T_1.11;
T_1.11 ;
T_1.1 ;
    %jmp T_1;
    .thread T_1;
    .scope S_0x258def0;
T_2 ;
    %wait E_0x25e60c0;
    %load/v 8, v0x2619cd0_0, 1;
    %inv 8, 1;
    %jmp/0xz  T_2.0, 8;
    %ix/load 0, 1, 0;
    %assign/v0 v0x26194f0_0, 0, 0;
    %jmp T_2.1;
T_2.0 ;
    %load/v 8, v0x2619020_0, 1;
    %jmp/0xz  T_2.2, 8;
    %ix/load 0, 1, 0;
    %assign/v0 v0x26194f0_0, 0, 1;
    %jmp T_2.3;
T_2.2 ;
    %load/v 8, v0x26190a0_0, 1;
    %jmp/0xz  T_2.4, 8;
    %load/v 8, v0x2618870_0, 1;
    %ix/load 0, 1, 0;
    %assign/v0 v0x26194f0_0, 0, 8;
    %jmp T_2.5;
T_2.4 ;
    %ix/load 0, 1, 0;
    %assign/v0 v0x26194f0_0, 0, 0;
T_2.5 ;
T_2.3 ;
T_2.1 ;
    %jmp T_2;
    .thread T_2;
    .scope S_0x258def0;
T_3 ;
    %wait E_0x25e60c0;
    %load/v 8, v0x2619cd0_0, 1;
    %inv 8, 1;
    %jmp/0xz  T_3.0, 8;
    %ix/load 0, 16, 0;
    %assign/v0 v0x2619c30_0, 0, 0;
    %jmp T_3.1;
T_3.0 ;
    %load/v 8, v0x2619020_0, 1;
    %jmp/0xz  T_3.2, 8;
    %load/v 8, v0x2619a50_0, 16;
    %ix/load 0, 16, 0;
    %assign/v0 v0x2619c30_0, 0, 8;
    %jmp T_3.3;
T_3.2 ;
    %load/v 8, v0x26190a0_0, 1;
    %load/v 9, v0x2618870_0, 1;
    %and 8, 9, 1;
    %jmp/0xz  T_3.4, 8;
    %load/v 8, v0x2619af0_0, 1;
    %mov 9, 0, 15;
    %ix/load 0, 16, 0;
    %assign/v0 v0x2619c30_0, 0, 8;
T_3.4 ;
T_3.3 ;
T_3.1 ;
    %jmp T_3;
    .thread T_3;
    .scope S_0x258def0;
T_4 ;
    %wait E_0x25e60c0;
    %load/v 8, v0x2619cd0_0, 1;
    %inv 8, 1;
    %jmp/0xz  T_4.0, 8;
    %ix/load 0, 200, 0;
    %assign/v0 v0x2619310_0, 0, 0;
    %jmp T_4.1;
T_4.0 ;
    %load/v 8, v0x2619020_0, 1;
    %jmp/0xz  T_4.2, 8;
    %load/v 8, v0x2619140_0, 200;
    %ix/load 0, 200, 0;
    %assign/v0 v0x2619310_0, 0, 8;
    %jmp T_4.3;
T_4.2 ;
    %load/v 8, v0x26190a0_0, 1;
    %load/v 9, v0x2618870_0, 1;
    %and 8, 9, 1;
    %jmp/0xz  T_4.4, 8;
    %load/v 8, v0x2619140_0, 200;
    %ix/load 0, 200, 0;
    %assign/v0 v0x2619310_0, 0, 8;
T_4.4 ;
T_4.3 ;
T_4.1 ;
    %jmp T_4;
    .thread T_4;
    .scope S_0x258def0;
T_5 ;
    %wait E_0x25e60c0;
    %load/v 8, v0x2619cd0_0, 1;
    %inv 8, 1;
    %jmp/0xz  T_5.0, 8;
    %ix/load 0, 4, 0;
    %assign/v0 v0x2619ee0_0, 0, 0;
    %jmp T_5.1;
T_5.0 ;
    %load/v 8, v0x2619020_0, 1;
    %jmp/0xz  T_5.2, 8;
    %load/v 8, v0x26191e0_0, 4;
    %ix/load 0, 4, 0;
    %assign/v0 v0x2619ee0_0, 0, 8;
    %jmp T_5.3;
T_5.2 ;
    %load/v 8, v0x26190a0_0, 1;
    %load/v 9, v0x2618870_0, 1;
    %and 8, 9, 1;
    %jmp/0xz  T_5.4, 8;
    %load/v 8, v0x2619930_0, 4;
    %ix/load 0, 4, 0;
    %assign/v0 v0x2619ee0_0, 0, 8;
T_5.4 ;
T_5.3 ;
T_5.1 ;
    %jmp T_5;
    .thread T_5;
    .scope S_0x258def0;
T_6 ;
    %wait E_0x25e60c0;
    %load/v 8, v0x2619cd0_0, 1;
    %inv 8, 1;
    %jmp/0xz  T_6.0, 8;
    %ix/load 0, 4, 0;
    %assign/v0 v0x2618f20_0, 0, 0;
    %jmp T_6.1;
T_6.0 ;
    %load/v 8, v0x2618fa0_0, 1;
    %jmp/0xz  T_6.2, 8;
    %load/v 8, v0x26187f0_0, 4;
    %mov 12, 0, 28;
    %subi 8, 1, 32;
    %ix/load 0, 4, 0;
    %assign/v0 v0x2618f20_0, 0, 8;
    %jmp T_6.3;
T_6.2 ;
    %load/v 8, v0x26190a0_0, 1;
    %load/v 9, v0x2618870_0, 1;
    %inv 9, 1;
    %and 8, 9, 1;
    %load/v 9, v0x26187f0_0, 4;
    %ix/load 0, 1, 0;
    %mov 4, 0, 1;
    %shiftr/i0  9, 4;
    %load/v 13, v0x2618f20_0, 4;
    %cmp/u 9, 13, 4;
    %or 5, 4, 1;
    %mov 9, 5, 1;
    %and 8, 9, 1;
    %load/v 9, v0x26189b0_0, 1;
    %and 8, 9, 1;
    %jmp/0xz  T_6.4, 8;
    %load/v 8, v0x2618f20_0, 4;
    %mov 12, 0, 28;
    %subi 8, 1, 32;
    %ix/load 0, 4, 0;
    %assign/v0 v0x2618f20_0, 0, 8;
    %jmp T_6.5;
T_6.4 ;
    %load/v 8, v0x26190a0_0, 1;
    %load/v 9, v0x2618870_0, 1;
    %and 8, 9, 1;
    %load/v 9, v0x2618f20_0, 4;
    %load/v 13, v0x26187f0_0, 4;
    %cmp/u 9, 13, 4;
    %mov 9, 5, 1;
    %and 8, 9, 1;
    %jmp/0xz  T_6.6, 8;
    %load/v 8, v0x2618f20_0, 4;
    %mov 12, 0, 28;
    %addi 8, 1, 32;
    %ix/load 0, 4, 0;
    %assign/v0 v0x2618f20_0, 0, 8;
T_6.6 ;
T_6.5 ;
T_6.3 ;
T_6.1 ;
    %jmp T_6;
    .thread T_6;
    .scope S_0x258def0;
T_7 ;
    %wait E_0x25e60c0;
    %load/v 8, v0x2619cd0_0, 1;
    %inv 8, 1;
    %jmp/0xz  T_7.0, 8;
    %ix/load 0, 4, 0;
    %assign/v0 v0x2618f20_0, 0, 0;
    %jmp T_7.1;
T_7.0 ;
    %load/v 8, v0x2618fa0_0, 1;
    %jmp/0xz  T_7.2, 8;
    %ix/load 0, 1, 0;
    %assign/v0 v0x26189b0_0, 0, 1;
    %jmp T_7.3;
T_7.2 ;
    %load/v 8, v0x26190a0_0, 1;
    %load/v 9, v0x2618870_0, 1;
    %and 8, 9, 1;
    %jmp/0xz  T_7.4, 8;
    %ix/load 0, 1, 0;
    %assign/v0 v0x26189b0_0, 0, 0;
T_7.4 ;
T_7.3 ;
T_7.1 ;
    %jmp T_7;
    .thread T_7;
# The file index is used to find the file name in the following table.
:file_names 5;
    "N/A";
    "<interactive>";
    "stadd.v";
    "ldtbl.v";
    "dmanu8.v";
